MyDemo3/app/build/intermediates/manifest_merge_blame_file/debug/manifest-merger-blame-debug-report.txt
1<?xml version="1.0" encoding="utf-8"?>
2<manifest xmlns:android="http://schemas.android.com/apk/res/android"
3    package="com.example.mydemo3"
4    android:versionCode="1"
5    android:versionName="1.0" >
6
7    <uses-sdk
8        android:minSdkVersion="24"
8-->src\main\AndroidManifest.xml
9        android:targetSdkVersion="29" />
9-->src\main\AndroidManifest.xml
10
11    <application
11-->src\main\AndroidManifest.xml:5:5-43:19
12        android:allowBackup="true"
12-->src\main\AndroidManifest.xml:6:9-35
13        android:appComponentFactory="androidx.core.app.CoreComponentFactory"
13-->[androidx.core:core:1.0.1] AndroidManifest.xml:22:18-86
14        android:debuggable="true"
15        android:icon="@mipmap/ic_launcher"
15-->src\main\AndroidManifest.xml:7:9-43
16        android:label="@string/app_name"
16-->src\main\AndroidManifest.xml:8:9-41
17        android:roundIcon="@mipmap/ic_launcher_round"
17-->src\main\AndroidManifest.xml:9:9-54
18        android:supportsRtl="true"
18-->src\main\AndroidManifest.xml:10:9-35
19        android:theme="@style/AppTheme" >
19-->src\main\AndroidManifest.xml:11:9-40
20        <activity android:name="com.example.mydemo3.GeoActivity" >
20-->src\main\AndroidManifest.xml:12:9-19:20
20-->src\main\AndroidManifest.xml:12:19-46
21            <intent-filter>
21-->src\main\AndroidManifest.xml:13:13-18:29
22                <action android:name="com.example.activitytest.ACTION_START" />
22-->src\main\AndroidManifest.xml:14:17-80
22-->src\main\AndroidManifest.xml:14:25-77
23
24                <category android:name="android.intent.catrgory.DEFAULT" />
24-->src\main\AndroidManifest.xml:16:17-76
24-->src\main\AndroidManifest.xml:16:27-73
25                <category android:name="com.example.activitytest.MY_CATEGORY" />
25-->src\main\AndroidManifest.xml:17:17-81
25-->src\main\AndroidManifest.xml:17:27-78
26            </intent-filter>
27        </activity>
28        <activity android:name="com.example.mydemo3.TelActivity" >
28-->src\main\AndroidManifest.xml:20:9-27:20
28-->src\main\AndroidManifest.xml:20:19-46
29            <intent-filter>
29-->src\main\AndroidManifest.xml:13:13-18:29
30                <action android:name="com.example.activitytest.ACTION_START" />
30-->src\main\AndroidManifest.xml:14:17-80
30-->src\main\AndroidManifest.xml:14:25-77
31
32                <category android:name="android.intent.catrgory.DEFAULT" />
32-->src\main\AndroidManifest.xml:16:17-76
32-->src\main\AndroidManifest.xml:16:27-73
33                <category android:name="com.example.activitytest.MY_CATEGORY" />
33-->src\main\AndroidManifest.xml:17:17-81
33-->src\main\AndroidManifest.xml:17:27-78
34            </intent-filter>
35        </activity>
36        <activity android:name="com.example.mydemo3.BaiduActivity" >
36-->src\main\AndroidManifest.xml:28:9-35:20
36-->src\main\AndroidManifest.xml:28:19-48
37            <intent-filter>
37-->src\main\AndroidManifest.xml:13:13-18:29
38                <action android:name="com.example.activitytest.ACTION_START" />
38-->src\main\AndroidManifest.xml:14:17-80
38-->src\main\AndroidManifest.xml:14:25-77
39
40                <category android:name="android.intent.catrgory.DEFAULT" />
40-->src\main\AndroidManifest.xml:16:17-76
40-->src\main\AndroidManifest.xml:16:27-73
41                <category android:name="com.example.activitytest.MY_CATEGORY" />
41-->src\main\AndroidManifest.xml:17:17-81
41-->src\main\AndroidManifest.xml:17:27-78
42            </intent-filter>
43        </activity>
44        <activity android:name="com.example.mydemo3.MainActivity" >
44-->src\main\AndroidManifest.xml:36:9-42:20
44-->src\main\AndroidManifest.xml:36:19-47
45            <intent-filter>
45-->src\main\AndroidManifest.xml:37:13-41:29
46                <action android:name="android.intent.action.MAIN" />
46-->src\main\AndroidManifest.xml:38:17-69
46-->src\main\AndroidManifest.xml:38:25-66
47
48                <category android:name="android.intent.category.LAUNCHER" />
48-->src\main\AndroidManifest.xml:40:17-77
48-->src\main\AndroidManifest.xml:40:27-74
49            </intent-filter>
50        </activity>
51    </application>
52
53</manifest>